\BOOKMARK [0][-]{chapter*.2}{Lista de Figuras}{}% 1
\BOOKMARK [0][-]{chapter.1}{Introdu\347\343o}{}% 2
\BOOKMARK [1][-]{section.1.1}{Java}{chapter.1}% 3
\BOOKMARK [1][-]{section.1.2}{Estruturas de Dados}{chapter.1}% 4
\BOOKMARK [1][-]{section.1.3}{Algoritmos}{chapter.1}% 5
\BOOKMARK [1][-]{section.1.4}{M\363dulos extra}{chapter.1}% 6
\BOOKMARK [0][-]{chapter.2}{Implementa\347\343o}{}% 7
\BOOKMARK [1][-]{section.2.1}{Grafo \(Graph.java\)}{chapter.2}% 8
\BOOKMARK [1][-]{section.2.2}{V\351rtice \(Vertex.java\)}{chapter.2}% 9
\BOOKMARK [1][-]{section.2.3}{Colora\347\343o dos v\351rtices, vers\343o 1}{chapter.2}% 10
\BOOKMARK [2][-]{subsection.2.3.1}{Algoritmo}{section.2.3}% 11
\BOOKMARK [1][-]{section.2.4}{Colora\347\343o dos v\351rtices, vers\343o 2}{chapter.2}% 12
\BOOKMARK [2][-]{subsection.2.4.1}{Algoritmo}{section.2.4}% 13
\BOOKMARK [1][-]{section.2.5}{Colora\347\343o dos v\351rtices, vers\343o 3}{chapter.2}% 14
\BOOKMARK [2][-]{subsection.2.5.1}{Algoritmo}{section.2.5}% 15
\BOOKMARK [1][-]{section.2.6}{Depth First Search \(DFS\)}{chapter.2}% 16
\BOOKMARK [2][-]{subsection.2.6.1}{Algoritmo}{section.2.6}% 17
\BOOKMARK [0][-]{chapter.3}{Exerc\355cio 1}{}% 18
\BOOKMARK [1][-]{section.3.1}{An\341lise e Resultados}{chapter.3}% 19
\BOOKMARK [0][-]{chapter.4}{Exerc\355cio 2}{}% 20
\BOOKMARK [1][-]{section.4.1}{An\341lise e Resultados}{chapter.4}% 21
\BOOKMARK [0][-]{chapter.5}{Exerc\355cio 3}{}% 22
\BOOKMARK [1][-]{section.5.1}{An\341lise e Resultados}{chapter.5}% 23
\BOOKMARK [0][-]{chapter.6}{Conclus\343o}{}% 24
\BOOKMARK [1][-]{section.6.1}{Considera\347\365es futuras}{chapter.6}% 25
